{"content": {"suites": {"0": {"status": {"total_pass": 2, "total_skip": 0, "total_xpass": 0, "total_xfail": 0, "total_rerun": 0, "total_fail": 0, "total_error": 0}, "tests": {"0": {"status": "PASS", "message": "", "test_name": "test_m3", "rerun": "0"}, "1": {"status": "PASS", "message": "", "test_name": "test_s1", "rerun": "0"}}, "suite_name": "test_fixturess.py"}, "1": {"suite_name": "test_home.py", "tests": {"0": {"status": "PASS", "message": "", "test_name": "test_a", "rerun": "0"}}, "status": {"total_pass": 1, "total_skip": 0, "total_xpass": 0, "total_xfail": 0, "total_rerun": 0, "total_fail": 0, "total_error": 0}}, "2": {"suite_name": "test_landingpage.py", "tests": {"0": {"status": "FAIL", "message": "   selenium.common.exceptions.NoSuchElementException: Message: no such element: Unable to locate element: {\"method\":\"css selector\",\"selector\":\"[id=\"btn2\"]\"}\n     (Session info: chrome=115.0.5790.171); For documentation on this error, please visit: https://www.selenium.dev/documentation/webdriver/troubleshooting/errors#no-such-element-exception\n   Stacktrace:\n   Backtrace:\n   \tGetHandleVerifier [0x00007FF626F14A62+57106]\n   \t(No symbol) [0x00007FF626E8CF52]\n   \t(No symbol) [0x00007FF626D5E2CB]\n   \t(No symbol) [0x00007FF626D9786E]\n   \t(No symbol) [0x00007FF626D9795C]\n   \t(No symbol) [0x00007FF626DD0477]\n   \t(No symbol) [0x00007FF626DB69FF]\n   \t(No symbol) [0x00007FF626DCE522]\n   \t(No symbol) [0x00007FF626DB6793]\n   \t(No symbol) [0x00007FF626D8CE81]\n   \t(No symbol) [0x00007FF626D8E064]\n   \tGetHandleVerifier [0x00007FF6271C4222+2873042]\n   \tGetHandleVerifier [0x00007FF627216590+3209792]\n   \tGetHandleVerifier [0x00007FF62720F3AF+3180639]\n   \tGetHandleVerifier [0x00007FF626FA5F25+652245]\n   \t(No symbol) [0x00007FF626E98618]\n   \t(No symbol) [0x00007FF626E947C4]\n   \t(No symbol) [0x00007FF626E948BC]\n   \t(No symbol) [0x00007FF626E84C33]\n   \tBaseThreadInitThunk [0x00007FF993597614+20]\n   \tRtlUserThreadStart [0x00007FF9951C26B1+33]\n", "test_name": "test_skipsigin", "rerun": "0"}}, "status": {"total_pass": 0, "total_skip": 0, "total_xpass": 0, "total_xfail": 0, "total_rerun": 0, "total_fail": 1, "total_error": 0}}, "3": {"suite_name": "test_myntra.py", "tests": {"0": {"status": "PASS", "message": "", "test_name": "test_launch", "rerun": "0"}}, "status": {"total_pass": 1, "total_skip": 0, "total_xpass": 0, "total_xfail": 0, "total_rerun": 0, "total_fail": 0, "total_error": 0}}, "4": {"suite_name": "test_param.py", "tests": {"0": {"status": "FAIL", "message": "   selenium.common.exceptions.NoSuchElementException: Message: no such element: Unable to locate element: {\"method\":\"css selector\",\"selector\":\"[id=\"twotabsearchtextbox\"]\"}\n     (Session info: chrome=115.0.5790.171); For documentation on this error, please visit: https://www.selenium.dev/documentation/webdriver/troubleshooting/errors#no-such-element-exception\n   Stacktrace:\n   Backtrace:\n   \tGetHandleVerifier [0x00007FF626F14A62+57106]\n   \t(No symbol) [0x00007FF626E8CF52]\n   \t(No symbol) [0x00007FF626D5E2CB]\n   \t(No symbol) [0x00007FF626D9786E]\n   \t(No symbol) [0x00007FF626D9795C]\n   \t(No symbol) [0x00007FF626DD0477]\n   \t(No symbol) [0x00007FF626DB69FF]\n   \t(No symbol) [0x00007FF626DCE522]\n   \t(No symbol) [0x00007FF626DB6793]\n   \t(No symbol) [0x00007FF626D8CE81]\n   \t(No symbol) [0x00007FF626D8E064]\n   \tGetHandleVerifier [0x00007FF6271C4222+2873042]\n   \tGetHandleVerifier [0x00007FF627216590+3209792]\n   \tGetHandleVerifier [0x00007FF62720F3AF+3180639]\n   \tGetHandleVerifier [0x00007FF626FA5F25+652245]\n   \t(No symbol) [0x00007FF626E98618]\n   \t(No symbol) [0x00007FF626E947C4]\n   \t(No symbol) [0x00007FF626E948BC]\n   \t(No symbol) [0x00007FF626E84C33]\n   \tBaseThreadInitThunk [0x00007FF993597614+20]\n   \tRtlUserThreadStart [0x00007FF9951C26B1+33]\n", "test_name": "test_searchproduct[iphone-Amazon.in : iphone]", "rerun": "0"}}, "status": {"total_pass": 0, "total_skip": 0, "total_xpass": 0, "total_xfail": 0, "total_rerun": 0, "total_fail": 1, "total_error": 0}}}}, "date": "August 23, 2023", "start_time": 1692735401.8157475, "total_suite": 5, "status": "FAIL", "status_list": {"pass": "4", "fail": "2", "skip": "0", "error": "0", "xpass": "0", "xfail": "0", "rerun": "0"}, "total_tests": "6"}